[2019-04-06 16:04:33,679] locator.py:63   [INFO] Locator initiation started.
[2019-04-06 16:04:33,679] locator.py:67   [INFO] Benchmark: False
[2019-04-06 16:04:33,679] locator.py:68   [INFO] Release:False
[2019-04-06 16:04:33,680] locator.py:97   [INFO] Len 0 loaded.
[2019-04-06 16:04:34,864] locator.py:107  [INFO] Setting camera parameter: Success
[2019-04-06 16:04:35,345] locator.py:112  [INFO] Attempt to read image from camera at 1 tries: Success
[2019-04-06 16:04:35,346] locator.py:120  [INFO] Locator initiation done, start main thread.
[2019-04-06 16:04:35,346] locator.py:124  [INFO] Main thread running.
[2019-04-06 16:06:28,133] locator.py:63   [INFO] Locator initiation started.
[2019-04-06 16:06:28,133] locator.py:67   [INFO] Benchmark: False
[2019-04-06 16:06:28,133] locator.py:68   [INFO] Release:False
[2019-04-06 16:06:28,133] locator.py:97   [INFO] Len 0 loaded.
[2019-04-06 16:06:29,316] locator.py:107  [INFO] Setting camera parameter: Success
[2019-04-06 16:06:29,796] locator.py:112  [INFO] Attempt to read image from camera at 1 tries: Success
[2019-04-06 16:06:29,796] locator.py:120  [INFO] Locator initiation done, start main thread.
[2019-04-06 16:06:29,797] locator.py:124  [INFO] Main thread running.
[2019-04-06 16:09:28,847] locator.py:63   [INFO] Locator initiation started.
[2019-04-06 16:09:28,848] locator.py:67   [INFO] Benchmark: False
[2019-04-06 16:09:28,848] locator.py:68   [INFO] Release:False
[2019-04-06 16:09:28,848] locator.py:97   [INFO] Len 0 loaded.
[2019-04-06 16:09:30,032] locator.py:107  [INFO] Setting camera parameter: Success
[2019-04-06 16:09:30,511] locator.py:112  [INFO] Attempt to read image from camera at 1 tries: Success
[2019-04-06 16:09:30,511] locator.py:120  [INFO] Locator initiation done, start main thread.
[2019-04-06 16:09:30,511] locator.py:124  [INFO] Main thread running.
[2019-04-06 16:09:41,979] locator.py:63   [INFO] Locator initiation started.
[2019-04-06 16:09:41,979] locator.py:67   [INFO] Benchmark: False
[2019-04-06 16:09:41,979] locator.py:68   [INFO] Release:True
[2019-04-06 16:09:41,980] locator.py:97   [INFO] Len 0 loaded.
[2019-04-06 16:09:43,164] locator.py:107  [INFO] Setting camera parameter: Success
[2019-04-06 16:09:43,645] locator.py:112  [INFO] Attempt to read image from camera at 1 tries: Success
[2019-04-06 16:09:43,645] locator.py:120  [INFO] Locator initiation done, start main thread.
[2019-04-06 16:09:43,646] locator.py:124  [INFO] Main thread running.
[2019-04-06 16:09:43,747] locator.py:147  [WARNING] Locate failed, last loc None, last orien: None
[2019-04-06 16:09:43,844] locator.py:147  [WARNING] Locate failed, last loc None, last orien: None
[2019-04-06 16:09:43,947] locator.py:147  [WARNING] Locate failed, last loc None, last orien: None
[2019-04-06 16:09:44,047] locator.py:147  [WARNING] Locate failed, last loc None, last orien: None
[2019-04-06 16:09:44,148] locator.py:147  [WARNING] Locate failed, last loc None, last orien: None
[2019-04-06 16:09:44,249] locator.py:147  [WARNING] Locate failed, last loc None, last orien: None
[2019-04-06 16:09:44,347] locator.py:147  [WARNING] Locate failed, last loc None, last orien: None
[2019-04-06 16:09:44,447] locator.py:147  [WARNING] Locate failed, last loc None, last orien: None
[2019-04-06 16:09:44,548] locator.py:147  [WARNING] Locate failed, last loc None, last orien: None
[2019-04-06 16:09:44,651] locator.py:147  [WARNING] Locate failed, last loc None, last orien: None
[2019-04-06 16:09:44,752] locator.py:147  [WARNING] Locate failed, last loc None, last orien: None
[2019-04-06 16:09:44,852] locator.py:147  [WARNING] Locate failed, last loc None, last orien: None
[2019-04-06 16:09:44,952] locator.py:147  [WARNING] Locate failed, last loc None, last orien: None
[2019-04-06 16:09:45,049] locator.py:147  [WARNING] Locate failed, last loc None, last orien: None
[2019-04-06 16:09:45,148] locator.py:147  [WARNING] Locate failed, last loc None, last orien: None
[2019-04-06 16:09:45,249] locator.py:147  [WARNING] Locate failed, last loc None, last orien: None
[2019-04-06 16:09:45,355] locator.py:147  [WARNING] Locate failed, last loc None, last orien: None
[2019-04-06 16:09:45,456] locator.py:147  [WARNING] Locate failed, last loc None, last orien: None
[2019-04-06 16:09:45,557] locator.py:147  [WARNING] Locate failed, last loc None, last orien: None
[2019-04-06 16:09:45,657] locator.py:147  [WARNING] Locate failed, last loc None, last orien: None
[2019-04-06 16:09:45,752] locator.py:147  [WARNING] Locate failed, last loc None, last orien: None
[2019-04-06 16:09:45,852] locator.py:147  [WARNING] Locate failed, last loc None, last orien: None
[2019-04-06 16:09:45,953] locator.py:147  [WARNING] Locate failed, last loc None, last orien: None
[2019-04-06 16:09:46,060] locator.py:147  [WARNING] Locate failed, last loc None, last orien: None
[2019-04-06 16:09:46,160] locator.py:147  [WARNING] Locate failed, last loc None, last orien: None
[2019-04-06 16:09:46,260] locator.py:147  [WARNING] Locate failed, last loc None, last orien: None
[2019-04-06 16:09:46,360] locator.py:147  [WARNING] Locate failed, last loc None, last orien: None
[2019-04-06 16:09:46,461] locator.py:147  [WARNING] Locate failed, last loc None, last orien: None
[2019-04-06 16:09:46,562] locator.py:147  [WARNING] Locate failed, last loc None, last orien: None
[2019-04-06 16:09:46,660] locator.py:147  [WARNING] Locate failed, last loc None, last orien: None
[2019-04-06 16:09:46,760] locator.py:147  [WARNING] Locate failed, last loc None, last orien: None
[2019-04-06 16:09:46,863] locator.py:147  [WARNING] Locate failed, last loc None, last orien: None
[2019-04-06 16:09:46,965] locator.py:147  [WARNING] Locate failed, last loc None, last orien: None
[2019-04-06 16:09:47,064] locator.py:147  [WARNING] Locate failed, last loc None, last orien: None
[2019-04-06 16:09:47,164] locator.py:147  [WARNING] Locate failed, last loc None, last orien: None
[2019-04-06 16:09:47,264] locator.py:147  [WARNING] Locate failed, last loc None, last orien: None
[2019-04-06 16:09:47,364] locator.py:147  [WARNING] Locate failed, last loc None, last orien: None
[2019-04-06 16:09:47,464] locator.py:147  [WARNING] Locate failed, last loc None, last orien: None
[2019-04-06 16:09:47,567] locator.py:147  [WARNING] Locate failed, last loc None, last orien: None
[2019-04-06 16:09:47,668] locator.py:147  [WARNING] Locate failed, last loc None, last orien: None
[2019-04-06 16:09:47,767] locator.py:147  [WARNING] Locate failed, last loc None, last orien: None
[2019-04-06 16:09:47,867] locator.py:147  [WARNING] Locate failed, last loc None, last orien: None
[2019-04-06 16:09:47,967] locator.py:147  [WARNING] Locate failed, last loc None, last orien: None
[2019-04-06 16:09:48,068] locator.py:147  [WARNING] Locate failed, last loc None, last orien: None
[2019-04-06 16:09:48,168] locator.py:147  [WARNING] Locate failed, last loc None, last orien: None
[2019-04-06 16:09:48,272] locator.py:147  [WARNING] Locate failed, last loc None, last orien: None
[2019-04-06 16:09:48,370] locator.py:147  [WARNING] Locate failed, last loc None, last orien: None
[2019-04-06 16:09:48,469] locator.py:147  [WARNING] Locate failed, last loc None, last orien: None
[2019-04-06 16:09:48,572] locator.py:147  [WARNING] Locate failed, last loc None, last orien: None
[2019-04-06 16:09:48,672] locator.py:147  [WARNING] Locate failed, last loc None, last orien: None
[2019-04-06 16:09:48,772] locator.py:147  [WARNING] Locate failed, last loc None, last orien: None
[2019-04-06 16:09:48,872] locator.py:147  [WARNING] Locate failed, last loc None, last orien: None
[2019-04-06 16:09:48,976] locator.py:147  [WARNING] Locate failed, last loc None, last orien: None
[2019-04-06 16:09:49,073] locator.py:147  [WARNING] Locate failed, last loc None, last orien: None
[2019-04-06 16:10:50,485] locator.py:63   [INFO] Locator initiation started.
[2019-04-06 16:10:50,485] locator.py:67   [INFO] Benchmark: False
[2019-04-06 16:10:50,485] locator.py:68   [INFO] Release:True
[2019-04-06 16:10:50,486] locator.py:97   [INFO] Len 0 loaded.
[2019-04-06 16:10:51,668] locator.py:107  [INFO] Setting camera parameter: Success
[2019-04-06 16:10:52,148] locator.py:112  [INFO] Attempt to read image from camera at 1 tries: Success
[2019-04-06 16:10:52,148] locator.py:120  [INFO] Locator initiation done, start main thread.
[2019-04-06 16:10:52,148] locator.py:124  [INFO] Main thread running.
[2019-04-06 16:10:52,253] locator.py:147  [WARNING] Locate failed, last loc None, last orien: None
[2019-04-06 16:10:52,348] locator.py:147  [WARNING] Locate failed, last loc None, last orien: None
[2019-04-06 16:10:52,454] locator.py:147  [WARNING] Locate failed, last loc None, last orien: None
[2019-04-06 16:10:52,554] locator.py:147  [WARNING] Locate failed, last loc None, last orien: None
[2019-04-06 16:10:52,654] locator.py:147  [WARNING] Locate failed, last loc None, last orien: None
[2019-04-06 16:10:52,752] locator.py:147  [WARNING] Locate failed, last loc None, last orien: None
[2019-04-06 16:10:52,852] locator.py:147  [WARNING] Locate failed, last loc None, last orien: None
[2019-04-06 16:10:52,953] locator.py:147  [WARNING] Locate failed, last loc None, last orien: None
[2019-04-06 16:10:53,053] locator.py:147  [WARNING] Locate failed, last loc None, last orien: None
[2019-04-06 16:10:53,152] locator.py:147  [WARNING] Locate failed, last loc None, last orien: None
[2019-04-06 16:10:53,256] locator.py:147  [WARNING] Locate failed, last loc None, last orien: None
[2019-04-06 16:10:53,356] locator.py:147  [WARNING] Locate failed, last loc None, last orien: None
[2019-04-06 16:10:53,457] locator.py:147  [WARNING] Locate failed, last loc None, last orien: None
[2019-04-06 16:10:53,556] locator.py:147  [WARNING] Locate failed, last loc None, last orien: None
[2019-04-06 16:10:53,657] locator.py:147  [WARNING] Locate failed, last loc None, last orien: None
[2019-04-06 16:10:53,757] locator.py:147  [WARNING] Locate failed, last loc None, last orien: None
[2019-04-06 16:10:53,856] locator.py:147  [WARNING] Locate failed, last loc None, last orien: None
[2019-04-06 16:11:00,591] locator.py:63   [INFO] Locator initiation started.
[2019-04-06 16:11:00,592] locator.py:67   [INFO] Benchmark: False
[2019-04-06 16:11:00,592] locator.py:68   [INFO] Release:False
[2019-04-06 16:11:00,592] locator.py:97   [INFO] Len 0 loaded.
[2019-04-06 16:11:01,776] locator.py:107  [INFO] Setting camera parameter: Success
[2019-04-06 16:11:02,255] locator.py:112  [INFO] Attempt to read image from camera at 1 tries: Success
[2019-04-06 16:11:02,255] locator.py:120  [INFO] Locator initiation done, start main thread.
[2019-04-06 16:11:02,256] locator.py:124  [INFO] Main thread running.
[2019-04-06 16:31:34,468] locator.py:63   [INFO] Locator initiation started.
[2019-04-06 16:31:34,469] locator.py:67   [INFO] Benchmark: False
[2019-04-06 16:31:34,469] locator.py:68   [INFO] Release:False
[2019-04-06 16:31:34,469] locator.py:97   [INFO] Len 0 loaded.
[2019-04-06 16:31:35,653] locator.py:107  [INFO] Setting camera parameter: Success
[2019-04-06 16:31:36,133] locator.py:112  [INFO] Attempt to read image from camera at 1 tries: Success
[2019-04-06 16:31:36,133] locator.py:120  [INFO] Locator initiation done, start main thread.
[2019-04-06 16:31:36,133] locator.py:124  [INFO] Main thread running.
[2019-04-06 16:32:29,380] locator.py:63   [INFO] Locator initiation started.
[2019-04-06 16:32:29,380] locator.py:67   [INFO] Benchmark: False
[2019-04-06 16:32:29,380] locator.py:68   [INFO] Release:False
[2019-04-06 16:32:29,381] locator.py:97   [INFO] Len 0 loaded.
[2019-04-06 16:32:30,563] locator.py:107  [INFO] Setting camera parameter: Success
[2019-04-06 16:32:31,042] locator.py:112  [INFO] Attempt to read image from camera at 1 tries: Success
[2019-04-06 16:32:31,042] locator.py:120  [INFO] Locator initiation done, start main thread.
[2019-04-06 16:32:31,042] locator.py:124  [INFO] Main thread running.
[2019-04-06 16:36:23,322] locator.py:63   [INFO] Locator initiation started.
[2019-04-06 16:36:23,323] locator.py:67   [INFO] Benchmark: False
[2019-04-06 16:36:23,323] locator.py:68   [INFO] Release:False
[2019-04-06 16:36:23,323] locator.py:97   [INFO] Len 0 loaded.
[2019-04-06 16:36:24,504] locator.py:107  [INFO] Setting camera parameter: Success
[2019-04-06 16:36:24,985] locator.py:112  [INFO] Attempt to read image from camera at 1 tries: Success
[2019-04-06 16:36:24,986] locator.py:120  [INFO] Locator initiation done, start main thread.
[2019-04-06 16:36:24,986] locator.py:124  [INFO] Main thread running.
[2019-04-06 16:38:11,380] locator.py:63   [INFO] Locator initiation started.
[2019-04-06 16:38:11,380] locator.py:67   [INFO] Benchmark: False
[2019-04-06 16:38:11,380] locator.py:68   [INFO] Release:False
[2019-04-06 16:38:11,380] locator.py:97   [INFO] Len 0 loaded.
[2019-04-06 16:38:12,564] locator.py:107  [INFO] Setting camera parameter: Success
[2019-04-06 16:38:13,048] locator.py:112  [INFO] Attempt to read image from camera at 1 tries: Success
[2019-04-06 16:38:13,048] locator.py:120  [INFO] Locator initiation done, start main thread.
[2019-04-06 16:38:13,048] locator.py:124  [INFO] Main thread running.
[2019-04-06 16:38:53,644] locator.py:63   [INFO] Locator initiation started.
[2019-04-06 16:38:53,645] locator.py:67   [INFO] Benchmark: False
[2019-04-06 16:38:53,645] locator.py:68   [INFO] Release:False
[2019-04-06 16:38:53,645] locator.py:97   [INFO] Len 0 loaded.
[2019-04-06 16:38:54,827] locator.py:107  [INFO] Setting camera parameter: Success
[2019-04-06 16:38:55,308] locator.py:112  [INFO] Attempt to read image from camera at 1 tries: Success
[2019-04-06 16:38:55,309] locator.py:120  [INFO] Locator initiation done, start main thread.
[2019-04-06 16:38:55,309] locator.py:124  [INFO] Main thread running.
[2019-04-06 16:39:40,257] locator.py:63   [INFO] Locator initiation started.
[2019-04-06 16:39:40,257] locator.py:67   [INFO] Benchmark: False
[2019-04-06 16:39:40,258] locator.py:68   [INFO] Release:False
[2019-04-06 16:39:40,258] locator.py:97   [INFO] Len 0 loaded.
[2019-04-06 16:39:41,440] locator.py:107  [INFO] Setting camera parameter: Success
[2019-04-06 16:39:41,921] locator.py:112  [INFO] Attempt to read image from camera at 1 tries: Success
[2019-04-06 16:39:41,921] locator.py:120  [INFO] Locator initiation done, start main thread.
[2019-04-06 16:39:41,922] locator.py:124  [INFO] Main thread running.
[2019-04-06 16:40:51,209] locator.py:63   [INFO] Locator initiation started.
[2019-04-06 16:40:51,209] locator.py:67   [INFO] Benchmark: False
[2019-04-06 16:40:51,209] locator.py:68   [INFO] Release:False
[2019-04-06 16:40:51,210] locator.py:97   [INFO] Len 0 loaded.
[2019-04-06 16:40:52,393] locator.py:107  [INFO] Setting camera parameter: Success
[2019-04-06 16:40:52,872] locator.py:112  [INFO] Attempt to read image from camera at 1 tries: Success
[2019-04-06 16:40:52,873] locator.py:120  [INFO] Locator initiation done, start main thread.
[2019-04-06 16:40:52,873] locator.py:124  [INFO] Main thread running.
[2019-04-06 16:42:29,380] locator.py:63   [INFO] Locator initiation started.
[2019-04-06 16:42:29,380] locator.py:67   [INFO] Benchmark: False
[2019-04-06 16:42:29,380] locator.py:68   [INFO] Release:False
[2019-04-06 16:42:29,380] locator.py:97   [INFO] Len 0 loaded.
[2019-04-06 16:42:30,562] locator.py:107  [INFO] Setting camera parameter: Success
[2019-04-06 16:42:31,041] locator.py:112  [INFO] Attempt to read image from camera at 1 tries: Success
[2019-04-06 16:42:31,041] locator.py:120  [INFO] Locator initiation done, start main thread.
[2019-04-06 16:42:31,042] locator.py:124  [INFO] Main thread running.
[2019-04-06 16:46:29,109] locator.py:63   [INFO] Locator initiation started.
[2019-04-06 16:46:29,109] locator.py:67   [INFO] Benchmark: False
[2019-04-06 16:46:29,110] locator.py:68   [INFO] Release:False
[2019-04-06 16:46:29,110] locator.py:97   [INFO] Len 0 loaded.
[2019-04-06 16:46:30,292] locator.py:107  [INFO] Setting camera parameter: Success
[2019-04-06 16:46:30,774] locator.py:112  [INFO] Attempt to read image from camera at 1 tries: Success
[2019-04-06 16:46:30,774] locator.py:120  [INFO] Locator initiation done, start main thread.
[2019-04-06 16:46:30,775] locator.py:124  [INFO] Main thread running.
[2019-04-06 16:47:37,731] locator.py:63   [INFO] Locator initiation started.
[2019-04-06 16:47:37,731] locator.py:67   [INFO] Benchmark: False
[2019-04-06 16:47:37,732] locator.py:68   [INFO] Release:False
[2019-04-06 16:47:37,732] locator.py:97   [INFO] Len 0 loaded.
[2019-04-06 16:47:38,916] locator.py:107  [INFO] Setting camera parameter: Success
[2019-04-06 16:47:39,396] locator.py:112  [INFO] Attempt to read image from camera at 1 tries: Success
[2019-04-06 16:47:39,396] locator.py:120  [INFO] Locator initiation done, start main thread.
[2019-04-06 16:47:39,397] locator.py:124  [INFO] Main thread running.
[2019-04-06 16:48:10,715] locator.py:63   [INFO] Locator initiation started.
[2019-04-06 16:48:10,715] locator.py:67   [INFO] Benchmark: False
[2019-04-06 16:48:10,715] locator.py:68   [INFO] Release:False
[2019-04-06 16:48:10,715] locator.py:97   [INFO] Len 0 loaded.
[2019-04-06 16:48:11,900] locator.py:107  [INFO] Setting camera parameter: Success
[2019-04-06 16:48:12,380] locator.py:112  [INFO] Attempt to read image from camera at 1 tries: Success
[2019-04-06 16:48:12,381] locator.py:120  [INFO] Locator initiation done, start main thread.
[2019-04-06 16:48:12,381] locator.py:124  [INFO] Main thread running.
[2019-04-06 16:48:28,636] locator.py:63   [INFO] Locator initiation started.
[2019-04-06 16:48:28,637] locator.py:67   [INFO] Benchmark: False
[2019-04-06 16:48:28,637] locator.py:68   [INFO] Release:False
[2019-04-06 16:48:28,637] locator.py:97   [INFO] Len 0 loaded.
[2019-04-06 16:48:29,820] locator.py:107  [INFO] Setting camera parameter: Success
[2019-04-06 16:48:30,301] locator.py:112  [INFO] Attempt to read image from camera at 1 tries: Success
[2019-04-06 16:48:30,302] locator.py:120  [INFO] Locator initiation done, start main thread.
[2019-04-06 16:48:30,302] locator.py:124  [INFO] Main thread running.
[2019-04-06 16:49:44,556] locator.py:63   [INFO] Locator initiation started.
[2019-04-06 16:49:44,556] locator.py:67   [INFO] Benchmark: False
[2019-04-06 16:49:44,557] locator.py:68   [INFO] Release:False
[2019-04-06 16:49:44,557] locator.py:97   [INFO] Len 0 loaded.
[2019-04-06 16:49:45,739] locator.py:107  [INFO] Setting camera parameter: Success
[2019-04-06 16:49:46,220] locator.py:112  [INFO] Attempt to read image from camera at 1 tries: Success
[2019-04-06 16:49:46,221] locator.py:120  [INFO] Locator initiation done, start main thread.
[2019-04-06 16:49:46,221] locator.py:124  [INFO] Main thread running.
[2019-04-06 16:50:54,829] locator.py:63   [INFO] Locator initiation started.
[2019-04-06 16:50:54,829] locator.py:67   [INFO] Benchmark: False
[2019-04-06 16:50:54,829] locator.py:68   [INFO] Release:False
[2019-04-06 16:50:54,829] locator.py:97   [INFO] Len 0 loaded.
[2019-04-06 16:50:56,013] locator.py:107  [INFO] Setting camera parameter: Success
[2019-04-06 16:50:56,493] locator.py:112  [INFO] Attempt to read image from camera at 1 tries: Success
[2019-04-06 16:50:56,493] locator.py:120  [INFO] Locator initiation done, start main thread.
[2019-04-06 16:50:56,494] locator.py:124  [INFO] Main thread running.
[2019-04-06 16:56:05,251] locator.py:63   [INFO] Locator initiation started.
[2019-04-06 16:56:05,251] locator.py:67   [INFO] Benchmark: False
[2019-04-06 16:56:05,251] locator.py:68   [INFO] Release:False
[2019-04-06 16:56:05,251] locator.py:97   [INFO] Len 0 loaded.
[2019-04-06 16:56:06,436] locator.py:107  [INFO] Setting camera parameter: Success
[2019-04-06 16:56:06,917] locator.py:112  [INFO] Attempt to read image from camera at 1 tries: Success
[2019-04-06 16:56:06,917] locator.py:120  [INFO] Locator initiation done, start main thread.
[2019-04-06 16:56:06,917] locator.py:124  [INFO] Main thread running.
[2019-04-06 16:56:36,926] locator.py:63   [INFO] Locator initiation started.
[2019-04-06 16:56:36,926] locator.py:67   [INFO] Benchmark: False
[2019-04-06 16:56:36,926] locator.py:68   [INFO] Release:False
[2019-04-06 16:56:36,927] locator.py:97   [INFO] Len 0 loaded.
[2019-04-06 16:56:38,108] locator.py:107  [INFO] Setting camera parameter: Success
[2019-04-06 16:56:38,589] locator.py:112  [INFO] Attempt to read image from camera at 1 tries: Success
[2019-04-06 16:56:38,589] locator.py:120  [INFO] Locator initiation done, start main thread.
[2019-04-06 16:56:38,590] locator.py:124  [INFO] Main thread running.
[2019-04-06 16:57:09,504] locator.py:63   [INFO] Locator initiation started.
[2019-04-06 16:57:09,504] locator.py:67   [INFO] Benchmark: False
[2019-04-06 16:57:09,504] locator.py:68   [INFO] Release:False
[2019-04-06 16:57:09,504] locator.py:97   [INFO] Len 0 loaded.
[2019-04-06 16:57:10,687] locator.py:107  [INFO] Setting camera parameter: Success
[2019-04-06 16:57:11,166] locator.py:112  [INFO] Attempt to read image from camera at 1 tries: Success
[2019-04-06 16:57:11,166] locator.py:120  [INFO] Locator initiation done, start main thread.
[2019-04-06 16:57:11,167] locator.py:124  [INFO] Main thread running.
[2019-04-06 17:01:55,019] locator.py:63   [INFO] Locator initiation started.
[2019-04-06 17:01:55,019] locator.py:67   [INFO] Benchmark: False
[2019-04-06 17:01:55,019] locator.py:68   [INFO] Release:False
[2019-04-06 17:01:55,019] locator.py:97   [INFO] Len 0 loaded.
[2019-04-06 17:01:56,204] locator.py:107  [INFO] Setting camera parameter: Success
[2019-04-06 17:01:56,687] locator.py:112  [INFO] Attempt to read image from camera at 1 tries: Success
[2019-04-06 17:01:56,688] locator.py:120  [INFO] Locator initiation done, start main thread.
[2019-04-06 17:01:56,689] locator.py:124  [INFO] Main thread running.
[2019-04-06 17:03:22,190] locator.py:63   [INFO] Locator initiation started.
[2019-04-06 17:03:22,190] locator.py:67   [INFO] Benchmark: False
[2019-04-06 17:03:22,190] locator.py:68   [INFO] Release:False
[2019-04-06 17:03:22,190] locator.py:97   [INFO] Len 0 loaded.
[2019-04-06 17:03:23,372] locator.py:107  [INFO] Setting camera parameter: Success
[2019-04-06 17:03:23,851] locator.py:112  [INFO] Attempt to read image from camera at 1 tries: Success
[2019-04-06 17:03:23,851] locator.py:120  [INFO] Locator initiation done, start main thread.
[2019-04-06 17:03:23,851] locator.py:124  [INFO] Main thread running.
[2019-04-06 17:04:28,450] locator.py:63   [INFO] Locator initiation started.
[2019-04-06 17:04:28,450] locator.py:67   [INFO] Benchmark: False
[2019-04-06 17:04:28,450] locator.py:68   [INFO] Release:False
[2019-04-06 17:04:28,451] locator.py:97   [INFO] Len 0 loaded.
[2019-04-06 17:04:29,304] locator.py:107  [INFO] Setting camera parameter: Success
[2019-04-06 17:04:29,751] locator.py:112  [INFO] Attempt to read image from camera at 1 tries: Success
[2019-04-06 17:04:29,752] locator.py:120  [INFO] Locator initiation done, start main thread.
[2019-04-06 17:04:29,752] locator.py:124  [INFO] Main thread running.
[2019-04-06 17:05:07,326] locator.py:63   [INFO] Locator initiation started.
[2019-04-06 17:05:07,327] locator.py:67   [INFO] Benchmark: False
[2019-04-06 17:05:07,327] locator.py:68   [INFO] Release:False
[2019-04-06 17:05:07,327] locator.py:97   [INFO] Len 0 loaded.
[2019-04-06 17:05:08,508] locator.py:107  [INFO] Setting camera parameter: Success
[2019-04-06 17:05:08,989] locator.py:112  [INFO] Attempt to read image from camera at 1 tries: Success
[2019-04-06 17:05:08,989] locator.py:120  [INFO] Locator initiation done, start main thread.
[2019-04-06 17:05:08,990] locator.py:124  [INFO] Main thread running.
[2019-04-06 17:05:28,636] locator.py:63   [INFO] Locator initiation started.
[2019-04-06 17:05:28,637] locator.py:67   [INFO] Benchmark: False
[2019-04-06 17:05:28,637] locator.py:68   [INFO] Release:False
[2019-04-06 17:05:28,637] locator.py:97   [INFO] Len 0 loaded.
[2019-04-06 17:05:29,820] locator.py:107  [INFO] Setting camera parameter: Success
[2019-04-06 17:05:30,296] locator.py:112  [INFO] Attempt to read image from camera at 1 tries: Success
[2019-04-06 17:05:30,297] locator.py:120  [INFO] Locator initiation done, start main thread.
[2019-04-06 17:05:30,297] locator.py:124  [INFO] Main thread running.
[2019-04-06 17:10:33,304] locator.py:63   [INFO] Locator initiation started.
[2019-04-06 17:10:33,304] locator.py:67   [INFO] Benchmark: False
[2019-04-06 17:10:33,304] locator.py:68   [INFO] Release:False
[2019-04-06 17:10:33,304] locator.py:97   [INFO] Len 0 loaded.
[2019-04-06 17:10:34,492] locator.py:107  [INFO] Setting camera parameter: Success
[2019-04-06 17:10:34,973] locator.py:112  [INFO] Attempt to read image from camera at 1 tries: Success
[2019-04-06 17:10:34,974] locator.py:120  [INFO] Locator initiation done, start main thread.
[2019-04-06 17:10:34,974] locator.py:124  [INFO] Main thread running.
[2019-04-06 17:11:35,621] locator.py:63   [INFO] Locator initiation started.
[2019-04-06 17:11:35,621] locator.py:67   [INFO] Benchmark: False
[2019-04-06 17:11:35,622] locator.py:68   [INFO] Release:False
[2019-04-06 17:11:35,622] locator.py:97   [INFO] Len 0 loaded.
[2019-04-06 17:11:36,808] locator.py:107  [INFO] Setting camera parameter: Success
[2019-04-06 17:11:37,290] locator.py:112  [INFO] Attempt to read image from camera at 1 tries: Success
[2019-04-06 17:11:37,291] locator.py:120  [INFO] Locator initiation done, start main thread.
[2019-04-06 17:11:37,291] locator.py:124  [INFO] Main thread running.
[2019-04-06 17:12:26,909] locator.py:63   [INFO] Locator initiation started.
[2019-04-06 17:12:26,909] locator.py:67   [INFO] Benchmark: False
[2019-04-06 17:12:26,910] locator.py:68   [INFO] Release:False
[2019-04-06 17:12:26,910] locator.py:97   [INFO] Len 0 loaded.
[2019-04-06 17:12:28,093] locator.py:107  [INFO] Setting camera parameter: Success
[2019-04-06 17:12:28,573] locator.py:112  [INFO] Attempt to read image from camera at 1 tries: Success
[2019-04-06 17:12:28,573] locator.py:120  [INFO] Locator initiation done, start main thread.
[2019-04-06 17:12:28,573] locator.py:124  [INFO] Main thread running.
[2019-04-06 17:13:28,152] locator.py:63   [INFO] Locator initiation started.
[2019-04-06 17:13:28,152] locator.py:67   [INFO] Benchmark: False
[2019-04-06 17:13:28,153] locator.py:68   [INFO] Release:False
[2019-04-06 17:13:28,153] locator.py:97   [INFO] Len 0 loaded.
[2019-04-06 17:13:29,337] locator.py:107  [INFO] Setting camera parameter: Success
[2019-04-06 17:13:29,817] locator.py:112  [INFO] Attempt to read image from camera at 1 tries: Success
[2019-04-06 17:13:29,818] locator.py:120  [INFO] Locator initiation done, start main thread.
[2019-04-06 17:13:29,818] locator.py:124  [INFO] Main thread running.
[2019-04-06 17:14:12,174] locator.py:63   [INFO] Locator initiation started.
[2019-04-06 17:14:12,175] locator.py:67   [INFO] Benchmark: False
[2019-04-06 17:14:12,175] locator.py:68   [INFO] Release:False
[2019-04-06 17:14:12,175] locator.py:97   [INFO] Len 0 loaded.
[2019-04-06 17:14:13,364] locator.py:107  [INFO] Setting camera parameter: Success
[2019-04-06 17:14:13,845] locator.py:112  [INFO] Attempt to read image from camera at 1 tries: Success
[2019-04-06 17:14:13,845] locator.py:120  [INFO] Locator initiation done, start main thread.
[2019-04-06 17:14:13,845] locator.py:124  [INFO] Main thread running.
[2019-04-06 17:16:05,451] locator.py:63   [INFO] Locator initiation started.
[2019-04-06 17:16:05,452] locator.py:67   [INFO] Benchmark: False
[2019-04-06 17:16:05,452] locator.py:68   [INFO] Release:False
[2019-04-06 17:16:05,452] locator.py:97   [INFO] Len 0 loaded.
[2019-04-06 17:16:06,637] locator.py:107  [INFO] Setting camera parameter: Success
[2019-04-06 17:16:07,117] locator.py:112  [INFO] Attempt to read image from camera at 1 tries: Success
[2019-04-06 17:16:07,117] locator.py:120  [INFO] Locator initiation done, start main thread.
[2019-04-06 17:16:07,117] locator.py:124  [INFO] Main thread running.
[2019-04-06 17:29:28,480] locator.py:63   [INFO] Locator initiation started.
[2019-04-06 17:29:28,481] locator.py:67   [INFO] Benchmark: False
[2019-04-06 17:29:28,481] locator.py:68   [INFO] Release:False
[2019-04-06 17:29:28,481] locator.py:97   [INFO] Len 0 loaded.
[2019-04-06 17:29:29,665] locator.py:107  [INFO] Setting camera parameter: Success
[2019-04-06 17:29:30,145] locator.py:112  [INFO] Attempt to read image from camera at 1 tries: Success
[2019-04-06 17:29:30,145] locator.py:120  [INFO] Locator initiation done, start main thread.
[2019-04-06 17:29:30,146] locator.py:124  [INFO] Main thread running.
[2019-04-06 17:31:34,793] locator.py:63   [INFO] Locator initiation started.
[2019-04-06 17:31:34,794] locator.py:67   [INFO] Benchmark: False
[2019-04-06 17:31:34,794] locator.py:68   [INFO] Release:False
[2019-04-06 17:31:34,794] locator.py:97   [INFO] Len 0 loaded.
[2019-04-06 17:31:35,976] locator.py:107  [INFO] Setting camera parameter: Success
[2019-04-06 17:31:36,456] locator.py:112  [INFO] Attempt to read image from camera at 1 tries: Success
[2019-04-06 17:31:36,456] locator.py:120  [INFO] Locator initiation done, start main thread.
[2019-04-06 17:31:36,457] locator.py:124  [INFO] Main thread running.
[2019-04-06 17:32:12,848] locator.py:63   [INFO] Locator initiation started.
[2019-04-06 17:32:12,849] locator.py:67   [INFO] Benchmark: False
[2019-04-06 17:32:12,849] locator.py:68   [INFO] Release:False
[2019-04-06 17:32:12,849] locator.py:97   [INFO] Len 0 loaded.
[2019-04-06 17:32:14,032] locator.py:107  [INFO] Setting camera parameter: Success
[2019-04-06 17:32:14,512] locator.py:112  [INFO] Attempt to read image from camera at 1 tries: Success
[2019-04-06 17:32:14,513] locator.py:120  [INFO] Locator initiation done, start main thread.
[2019-04-06 17:32:14,513] locator.py:124  [INFO] Main thread running.
[2019-04-06 17:48:31,047] locator.py:63   [INFO] Locator initiation started.
[2019-04-06 17:48:31,047] locator.py:67   [INFO] Benchmark: False
[2019-04-06 17:48:31,047] locator.py:68   [INFO] Release:False
[2019-04-06 17:48:31,047] locator.py:97   [INFO] Len 0 loaded.
[2019-04-06 17:48:32,232] locator.py:107  [INFO] Setting camera parameter: Success
[2019-04-06 17:48:32,713] locator.py:112  [INFO] Attempt to read image from camera at 1 tries: Success
[2019-04-06 17:48:32,713] locator.py:120  [INFO] Locator initiation done, start main thread.
[2019-04-06 17:48:32,714] locator.py:124  [INFO] Main thread running.
[2019-04-06 17:49:18,497] locator.py:63   [INFO] Locator initiation started.
[2019-04-06 17:49:18,497] locator.py:67   [INFO] Benchmark: False
[2019-04-06 17:49:18,497] locator.py:68   [INFO] Release:False
[2019-04-06 17:49:18,498] locator.py:97   [INFO] Len 0 loaded.
[2019-04-06 17:49:19,678] locator.py:107  [INFO] Setting camera parameter: Success
[2019-04-06 17:49:20,160] locator.py:112  [INFO] Attempt to read image from camera at 1 tries: Success
[2019-04-06 17:49:20,160] locator.py:120  [INFO] Locator initiation done, start main thread.
[2019-04-06 17:49:20,160] locator.py:124  [INFO] Main thread running.
[2019-04-06 17:53:09,622] locator.py:63   [INFO] Locator initiation started.
[2019-04-06 17:53:09,622] locator.py:67   [INFO] Benchmark: False
[2019-04-06 17:53:09,622] locator.py:68   [INFO] Release:False
[2019-04-06 17:53:09,622] locator.py:97   [INFO] Len 0 loaded.
[2019-04-06 17:53:10,803] locator.py:107  [INFO] Setting camera parameter: Success
[2019-04-06 17:53:11,283] locator.py:112  [INFO] Attempt to read image from camera at 1 tries: Success
[2019-04-06 17:53:11,283] locator.py:120  [INFO] Locator initiation done, start main thread.
[2019-04-06 17:53:11,284] locator.py:124  [INFO] Main thread running.
[2019-04-06 17:54:40,650] locator.py:63   [INFO] Locator initiation started.
[2019-04-06 17:54:40,650] locator.py:67   [INFO] Benchmark: False
[2019-04-06 17:54:40,650] locator.py:68   [INFO] Release:False
[2019-04-06 17:54:40,651] locator.py:97   [INFO] Len 0 loaded.
[2019-04-06 17:54:41,832] locator.py:107  [INFO] Setting camera parameter: Success
[2019-04-06 17:54:42,313] locator.py:112  [INFO] Attempt to read image from camera at 1 tries: Success
[2019-04-06 17:54:42,314] locator.py:120  [INFO] Locator initiation done, start main thread.
[2019-04-06 17:54:42,314] locator.py:124  [INFO] Main thread running.
[2019-04-06 17:55:41,895] locator.py:63   [INFO] Locator initiation started.
[2019-04-06 17:55:41,895] locator.py:67   [INFO] Benchmark: False
[2019-04-06 17:55:41,895] locator.py:68   [INFO] Release:False
[2019-04-06 17:55:41,896] locator.py:97   [INFO] Len 0 loaded.
[2019-04-06 17:55:43,079] locator.py:107  [INFO] Setting camera parameter: Success
[2019-04-06 17:55:43,558] locator.py:112  [INFO] Attempt to read image from camera at 1 tries: Success
[2019-04-06 17:55:43,559] locator.py:120  [INFO] Locator initiation done, start main thread.
[2019-04-06 17:55:43,559] locator.py:124  [INFO] Main thread running.
[2019-04-06 17:57:32,208] locator.py:63   [INFO] Locator initiation started.
[2019-04-06 17:57:32,208] locator.py:67   [INFO] Benchmark: False
[2019-04-06 17:57:32,208] locator.py:68   [INFO] Release:False
[2019-04-06 17:57:32,208] locator.py:97   [INFO] Len 0 loaded.
[2019-04-06 17:57:33,392] locator.py:107  [INFO] Setting camera parameter: Success
[2019-04-06 17:57:33,873] locator.py:112  [INFO] Attempt to read image from camera at 1 tries: Success
[2019-04-06 17:57:33,873] locator.py:120  [INFO] Locator initiation done, start main thread.
[2019-04-06 17:57:33,874] locator.py:124  [INFO] Main thread running.
[2019-04-06 17:58:18,783] locator.py:63   [INFO] Locator initiation started.
[2019-04-06 17:58:18,784] locator.py:67   [INFO] Benchmark: False
[2019-04-06 17:58:18,784] locator.py:68   [INFO] Release:False
[2019-04-06 17:58:18,784] locator.py:97   [INFO] Len 0 loaded.
[2019-04-06 17:58:19,971] locator.py:107  [INFO] Setting camera parameter: Success
[2019-04-06 17:58:20,452] locator.py:112  [INFO] Attempt to read image from camera at 1 tries: Success
[2019-04-06 17:58:20,453] locator.py:120  [INFO] Locator initiation done, start main thread.
[2019-04-06 17:58:20,453] locator.py:124  [INFO] Main thread running.
[2019-04-06 17:59:36,327] locator.py:63   [INFO] Locator initiation started.
[2019-04-06 17:59:36,327] locator.py:67   [INFO] Benchmark: False
[2019-04-06 17:59:36,328] locator.py:68   [INFO] Release:False
[2019-04-06 17:59:36,328] locator.py:97   [INFO] Len 0 loaded.
[2019-04-06 17:59:37,510] locator.py:107  [INFO] Setting camera parameter: Success
[2019-04-06 17:59:37,990] locator.py:112  [INFO] Attempt to read image from camera at 1 tries: Success
[2019-04-06 17:59:37,990] locator.py:120  [INFO] Locator initiation done, start main thread.
[2019-04-06 17:59:37,991] locator.py:124  [INFO] Main thread running.
[2019-04-06 18:00:18,243] locator.py:63   [INFO] Locator initiation started.
[2019-04-06 18:00:18,243] locator.py:67   [INFO] Benchmark: False
[2019-04-06 18:00:18,244] locator.py:68   [INFO] Release:False
[2019-04-06 18:00:18,244] locator.py:97   [INFO] Len 0 loaded.
[2019-04-06 18:00:19,428] locator.py:107  [INFO] Setting camera parameter: Success
[2019-04-06 18:00:19,910] locator.py:112  [INFO] Attempt to read image from camera at 1 tries: Success
[2019-04-06 18:00:19,910] locator.py:120  [INFO] Locator initiation done, start main thread.
[2019-04-06 18:00:19,911] locator.py:124  [INFO] Main thread running.
[2019-04-06 18:02:12,256] locator.py:63   [INFO] Locator initiation started.
[2019-04-06 18:02:12,257] locator.py:67   [INFO] Benchmark: False
[2019-04-06 18:02:12,257] locator.py:68   [INFO] Release:False
[2019-04-06 18:02:12,257] locator.py:97   [INFO] Len 0 loaded.
[2019-04-06 18:02:13,440] locator.py:107  [INFO] Setting camera parameter: Success
[2019-04-06 18:02:13,921] locator.py:112  [INFO] Attempt to read image from camera at 1 tries: Success
[2019-04-06 18:02:13,922] locator.py:120  [INFO] Locator initiation done, start main thread.
[2019-04-06 18:02:13,922] locator.py:124  [INFO] Main thread running.
[2019-04-06 18:02:26,777] locator.py:63   [INFO] Locator initiation started.
[2019-04-06 18:02:26,777] locator.py:67   [INFO] Benchmark: False
[2019-04-06 18:02:26,777] locator.py:68   [INFO] Release:False
[2019-04-06 18:02:26,777] locator.py:97   [INFO] Len 0 loaded.
[2019-04-06 18:02:27,960] locator.py:107  [INFO] Setting camera parameter: Success
[2019-04-06 18:02:28,440] locator.py:112  [INFO] Attempt to read image from camera at 1 tries: Success
[2019-04-06 18:02:28,441] locator.py:120  [INFO] Locator initiation done, start main thread.
[2019-04-06 18:02:28,441] locator.py:124  [INFO] Main thread running.
[2019-04-06 18:03:04,867] locator.py:63   [INFO] Locator initiation started.
[2019-04-06 18:03:04,867] locator.py:67   [INFO] Benchmark: False
[2019-04-06 18:03:04,867] locator.py:68   [INFO] Release:False
[2019-04-06 18:03:04,868] locator.py:97   [INFO] Len 0 loaded.
[2019-04-06 18:03:06,053] locator.py:107  [INFO] Setting camera parameter: Success
[2019-04-06 18:03:06,535] locator.py:112  [INFO] Attempt to read image from camera at 1 tries: Success
[2019-04-06 18:03:06,536] locator.py:120  [INFO] Locator initiation done, start main thread.
[2019-04-06 18:03:06,536] locator.py:124  [INFO] Main thread running.
[2019-04-06 18:04:15,940] locator.py:63   [INFO] Locator initiation started.
[2019-04-06 18:04:15,940] locator.py:67   [INFO] Benchmark: False
[2019-04-06 18:04:15,940] locator.py:68   [INFO] Release:False
[2019-04-06 18:04:15,941] locator.py:97   [INFO] Len 0 loaded.
[2019-04-06 18:04:17,123] locator.py:107  [INFO] Setting camera parameter: Success
[2019-04-06 18:04:17,603] locator.py:112  [INFO] Attempt to read image from camera at 1 tries: Success
[2019-04-06 18:04:17,603] locator.py:120  [INFO] Locator initiation done, start main thread.
[2019-04-06 18:04:17,603] locator.py:124  [INFO] Main thread running.
[2019-04-06 18:04:44,170] locator.py:63   [INFO] Locator initiation started.
[2019-04-06 18:04:44,171] locator.py:67   [INFO] Benchmark: False
[2019-04-06 18:04:44,171] locator.py:68   [INFO] Release:False
[2019-04-06 18:04:44,171] locator.py:97   [INFO] Len 0 loaded.
[2019-04-06 18:04:45,356] locator.py:107  [INFO] Setting camera parameter: Success
[2019-04-06 18:04:45,836] locator.py:112  [INFO] Attempt to read image from camera at 1 tries: Success
[2019-04-06 18:04:45,837] locator.py:120  [INFO] Locator initiation done, start main thread.
[2019-04-06 18:04:45,837] locator.py:124  [INFO] Main thread running.
[2019-04-06 18:05:00,779] locator.py:63   [INFO] Locator initiation started.
[2019-04-06 18:05:00,779] locator.py:67   [INFO] Benchmark: False
[2019-04-06 18:05:00,779] locator.py:68   [INFO] Release:False
[2019-04-06 18:05:00,780] locator.py:97   [INFO] Len 0 loaded.
[2019-04-06 18:05:01,962] locator.py:107  [INFO] Setting camera parameter: Success
[2019-04-06 18:05:02,442] locator.py:112  [INFO] Attempt to read image from camera at 1 tries: Success
[2019-04-06 18:05:02,442] locator.py:120  [INFO] Locator initiation done, start main thread.
[2019-04-06 18:05:02,443] locator.py:124  [INFO] Main thread running.
[2019-04-06 18:05:16,036] locator.py:63   [INFO] Locator initiation started.
[2019-04-06 18:05:16,036] locator.py:67   [INFO] Benchmark: False
[2019-04-06 18:05:16,037] locator.py:68   [INFO] Release:False
[2019-04-06 18:05:16,037] locator.py:97   [INFO] Len 0 loaded.
[2019-04-06 18:05:17,224] locator.py:107  [INFO] Setting camera parameter: Success
[2019-04-06 18:05:17,706] locator.py:112  [INFO] Attempt to read image from camera at 1 tries: Success
[2019-04-06 18:05:17,706] locator.py:120  [INFO] Locator initiation done, start main thread.
[2019-04-06 18:05:17,707] locator.py:124  [INFO] Main thread running.
[2019-04-06 18:06:13,751] locator.py:63   [INFO] Locator initiation started.
[2019-04-06 18:06:13,751] locator.py:67   [INFO] Benchmark: False
[2019-04-06 18:06:13,751] locator.py:68   [INFO] Release:False
[2019-04-06 18:06:13,752] locator.py:97   [INFO] Len 0 loaded.
[2019-04-06 18:06:14,936] locator.py:107  [INFO] Setting camera parameter: Success
[2019-04-06 18:06:15,418] locator.py:112  [INFO] Attempt to read image from camera at 1 tries: Success
[2019-04-06 18:06:15,418] locator.py:120  [INFO] Locator initiation done, start main thread.
[2019-04-06 18:06:15,418] locator.py:124  [INFO] Main thread running.
[2019-04-06 18:08:00,961] locator.py:63   [INFO] Locator initiation started.
[2019-04-06 18:08:00,961] locator.py:67   [INFO] Benchmark: False
[2019-04-06 18:08:00,961] locator.py:68   [INFO] Release:False
[2019-04-06 18:08:00,962] locator.py:97   [INFO] Len 0 loaded.
[2019-04-06 18:08:02,144] locator.py:107  [INFO] Setting camera parameter: Success
[2019-04-06 18:08:02,626] locator.py:112  [INFO] Attempt to read image from camera at 1 tries: Success
[2019-04-06 18:08:02,627] locator.py:120  [INFO] Locator initiation done, start main thread.
[2019-04-06 18:08:02,627] locator.py:124  [INFO] Main thread running.
[2019-04-06 18:08:27,160] locator.py:63   [INFO] Locator initiation started.
[2019-04-06 18:08:27,160] locator.py:67   [INFO] Benchmark: False
[2019-04-06 18:08:27,160] locator.py:68   [INFO] Release:False
[2019-04-06 18:08:27,161] locator.py:97   [INFO] Len 0 loaded.
[2019-04-06 18:08:28,348] locator.py:107  [INFO] Setting camera parameter: Success
[2019-04-06 18:08:28,830] locator.py:112  [INFO] Attempt to read image from camera at 1 tries: Success
[2019-04-06 18:08:28,831] locator.py:120  [INFO] Locator initiation done, start main thread.
[2019-04-06 18:08:28,832] locator.py:124  [INFO] Main thread running.
[2019-04-06 18:08:57,034] locator.py:63   [INFO] Locator initiation started.
[2019-04-06 18:08:57,034] locator.py:67   [INFO] Benchmark: False
[2019-04-06 18:08:57,034] locator.py:68   [INFO] Release:False
[2019-04-06 18:08:57,035] locator.py:97   [INFO] Len 0 loaded.
[2019-04-06 18:08:58,217] locator.py:107  [INFO] Setting camera parameter: Success
[2019-04-06 18:08:58,699] locator.py:112  [INFO] Attempt to read image from camera at 1 tries: Success
[2019-04-06 18:08:58,700] locator.py:120  [INFO] Locator initiation done, start main thread.
[2019-04-06 18:08:58,700] locator.py:124  [INFO] Main thread running.
[2019-04-06 18:09:20,416] locator.py:63   [INFO] Locator initiation started.
[2019-04-06 18:09:20,417] locator.py:67   [INFO] Benchmark: False
[2019-04-06 18:09:20,417] locator.py:68   [INFO] Release:False
[2019-04-06 18:09:20,417] locator.py:97   [INFO] Len 0 loaded.
[2019-04-06 18:09:21,600] locator.py:107  [INFO] Setting camera parameter: Success
[2019-04-06 18:09:22,081] locator.py:112  [INFO] Attempt to read image from camera at 1 tries: Success
[2019-04-06 18:09:22,081] locator.py:120  [INFO] Locator initiation done, start main thread.
[2019-04-06 18:09:22,081] locator.py:124  [INFO] Main thread running.
[2019-04-06 18:09:45,267] locator.py:63   [INFO] Locator initiation started.
[2019-04-06 18:09:45,267] locator.py:67   [INFO] Benchmark: False
[2019-04-06 18:09:45,267] locator.py:68   [INFO] Release:False
[2019-04-06 18:09:45,268] locator.py:97   [INFO] Len 0 loaded.
[2019-04-06 18:09:46,452] locator.py:107  [INFO] Setting camera parameter: Success
[2019-04-06 18:09:46,932] locator.py:112  [INFO] Attempt to read image from camera at 1 tries: Success
[2019-04-06 18:09:46,933] locator.py:120  [INFO] Locator initiation done, start main thread.
[2019-04-06 18:09:46,933] locator.py:124  [INFO] Main thread running.
[2019-04-06 18:10:25,443] locator.py:63   [INFO] Locator initiation started.
[2019-04-06 18:10:25,444] locator.py:67   [INFO] Benchmark: False
[2019-04-06 18:10:25,444] locator.py:68   [INFO] Release:False
[2019-04-06 18:10:25,444] locator.py:97   [INFO] Len 0 loaded.
[2019-04-06 18:10:26,628] locator.py:107  [INFO] Setting camera parameter: Success
[2019-04-06 18:10:27,109] locator.py:112  [INFO] Attempt to read image from camera at 1 tries: Success
[2019-04-06 18:10:27,110] locator.py:120  [INFO] Locator initiation done, start main thread.
[2019-04-06 18:10:27,110] locator.py:124  [INFO] Main thread running.
[2019-04-06 18:11:44,446] locator.py:63   [INFO] Locator initiation started.
[2019-04-06 18:11:44,447] locator.py:67   [INFO] Benchmark: False
[2019-04-06 18:11:44,447] locator.py:68   [INFO] Release:False
[2019-04-06 18:11:44,447] locator.py:97   [INFO] Len 0 loaded.
[2019-04-06 18:11:45,636] locator.py:107  [INFO] Setting camera parameter: Success
[2019-04-06 18:11:46,117] locator.py:112  [INFO] Attempt to read image from camera at 1 tries: Success
[2019-04-06 18:11:46,117] locator.py:120  [INFO] Locator initiation done, start main thread.
[2019-04-06 18:11:46,118] locator.py:124  [INFO] Main thread running.
[2019-04-06 18:12:26,250] locator.py:63   [INFO] Locator initiation started.
[2019-04-06 18:12:26,250] locator.py:67   [INFO] Benchmark: False
[2019-04-06 18:12:26,250] locator.py:68   [INFO] Release:False
[2019-04-06 18:12:26,251] locator.py:97   [INFO] Len 0 loaded.
[2019-04-06 18:12:27,432] locator.py:107  [INFO] Setting camera parameter: Success
[2019-04-06 18:12:27,914] locator.py:112  [INFO] Attempt to read image from camera at 1 tries: Success
[2019-04-06 18:12:27,915] locator.py:120  [INFO] Locator initiation done, start main thread.
[2019-04-06 18:12:27,915] locator.py:124  [INFO] Main thread running.
[2019-04-06 18:13:00,413] locator.py:63   [INFO] Locator initiation started.
[2019-04-06 18:13:00,414] locator.py:67   [INFO] Benchmark: False
[2019-04-06 18:13:00,414] locator.py:68   [INFO] Release:False
[2019-04-06 18:13:00,414] locator.py:97   [INFO] Len 0 loaded.
[2019-04-06 18:13:01,596] locator.py:107  [INFO] Setting camera parameter: Success
[2019-04-06 18:13:02,076] locator.py:112  [INFO] Attempt to read image from camera at 1 tries: Success
[2019-04-06 18:13:02,076] locator.py:120  [INFO] Locator initiation done, start main thread.
[2019-04-06 18:13:02,077] locator.py:124  [INFO] Main thread running.
[2019-04-06 18:13:33,153] locator.py:63   [INFO] Locator initiation started.
[2019-04-06 18:13:33,154] locator.py:67   [INFO] Benchmark: False
[2019-04-06 18:13:33,154] locator.py:68   [INFO] Release:False
[2019-04-06 18:13:33,154] locator.py:97   [INFO] Len 0 loaded.
[2019-04-06 18:13:33,610] locator.py:107  [INFO] Setting camera parameter: Success
[2019-04-06 18:13:34,055] locator.py:112  [INFO] Attempt to read image from camera at 1 tries: Success
[2019-04-06 18:13:34,056] locator.py:120  [INFO] Locator initiation done, start main thread.
[2019-04-06 18:13:34,057] locator.py:124  [INFO] Main thread running.
[2019-04-06 18:13:48,934] locator.py:63   [INFO] Locator initiation started.
[2019-04-06 18:13:48,935] locator.py:67   [INFO] Benchmark: False
[2019-04-06 18:13:48,935] locator.py:68   [INFO] Release:False
[2019-04-06 18:13:48,935] locator.py:97   [INFO] Len 0 loaded.
[2019-04-06 18:13:50,116] locator.py:107  [INFO] Setting camera parameter: Success
[2019-04-06 18:13:50,596] locator.py:112  [INFO] Attempt to read image from camera at 1 tries: Success
[2019-04-06 18:13:50,596] locator.py:120  [INFO] Locator initiation done, start main thread.
[2019-04-06 18:13:50,596] locator.py:124  [INFO] Main thread running.
[2019-04-06 18:14:23,397] locator.py:63   [INFO] Locator initiation started.
[2019-04-06 18:14:23,397] locator.py:67   [INFO] Benchmark: False
[2019-04-06 18:14:23,397] locator.py:68   [INFO] Release:False
[2019-04-06 18:14:23,397] locator.py:97   [INFO] Len 0 loaded.
[2019-04-06 18:14:24,580] locator.py:107  [INFO] Setting camera parameter: Success
[2019-04-06 18:14:25,061] locator.py:112  [INFO] Attempt to read image from camera at 1 tries: Success
[2019-04-06 18:14:25,061] locator.py:120  [INFO] Locator initiation done, start main thread.
[2019-04-06 18:14:25,062] locator.py:124  [INFO] Main thread running.
[2019-04-06 18:14:43,375] locator.py:63   [INFO] Locator initiation started.
[2019-04-06 18:14:43,376] locator.py:67   [INFO] Benchmark: False
[2019-04-06 18:14:43,376] locator.py:68   [INFO] Release:False
[2019-04-06 18:14:43,376] locator.py:97   [INFO] Len 0 loaded.
[2019-04-06 18:14:44,560] locator.py:107  [INFO] Setting camera parameter: Success
[2019-04-06 18:14:45,041] locator.py:112  [INFO] Attempt to read image from camera at 1 tries: Success
[2019-04-06 18:14:45,041] locator.py:120  [INFO] Locator initiation done, start main thread.
[2019-04-06 18:14:45,041] locator.py:124  [INFO] Main thread running.
[2019-04-06 18:16:19,528] locator.py:63   [INFO] Locator initiation started.
[2019-04-06 18:16:19,528] locator.py:67   [INFO] Benchmark: False
[2019-04-06 18:16:19,529] locator.py:68   [INFO] Release:False
[2019-04-06 18:16:19,529] locator.py:97   [INFO] Len 0 loaded.
[2019-04-06 18:16:20,712] locator.py:107  [INFO] Setting camera parameter: Success
[2019-04-06 18:16:21,193] locator.py:112  [INFO] Attempt to read image from camera at 1 tries: Success
[2019-04-06 18:16:21,194] locator.py:120  [INFO] Locator initiation done, start main thread.
[2019-04-06 18:16:21,194] locator.py:124  [INFO] Main thread running.
[2019-04-06 19:09:41,695] locator.py:63   [INFO] Locator initiation started.
[2019-04-06 19:09:41,696] locator.py:67   [INFO] Benchmark: False
[2019-04-06 19:09:41,696] locator.py:68   [INFO] Release:False
[2019-04-06 19:09:41,696] locator.py:97   [INFO] Len 0 loaded.
[2019-04-06 19:09:42,881] locator.py:107  [INFO] Setting camera parameter: Success
[2019-04-06 19:09:43,361] locator.py:112  [INFO] Attempt to read image from camera at 1 tries: Success
[2019-04-06 19:09:43,362] locator.py:120  [INFO] Locator initiation done, start main thread.
[2019-04-06 19:09:43,362] locator.py:124  [INFO] Main thread running.
[2019-04-06 19:11:07,575] locator.py:63   [INFO] Locator initiation started.
[2019-04-06 19:11:07,575] locator.py:67   [INFO] Benchmark: False
[2019-04-06 19:11:07,575] locator.py:68   [INFO] Release:False
[2019-04-06 19:11:07,576] locator.py:97   [INFO] Len 0 loaded.
[2019-04-06 19:11:08,760] locator.py:107  [INFO] Setting camera parameter: Success
[2019-04-06 19:11:09,240] locator.py:112  [INFO] Attempt to read image from camera at 1 tries: Success
[2019-04-06 19:11:09,240] locator.py:120  [INFO] Locator initiation done, start main thread.
[2019-04-06 19:11:09,241] locator.py:124  [INFO] Main thread running.
[2019-04-06 19:12:04,567] locator.py:63   [INFO] Locator initiation started.
[2019-04-06 19:12:04,568] locator.py:67   [INFO] Benchmark: False
[2019-04-06 19:12:04,568] locator.py:68   [INFO] Release:False
[2019-04-06 19:12:04,568] locator.py:97   [INFO] Len 0 loaded.
[2019-04-06 19:12:05,752] locator.py:107  [INFO] Setting camera parameter: Success
[2019-04-06 19:12:06,231] locator.py:112  [INFO] Attempt to read image from camera at 1 tries: Success
[2019-04-06 19:12:06,231] locator.py:120  [INFO] Locator initiation done, start main thread.
[2019-04-06 19:12:06,232] locator.py:124  [INFO] Main thread running.
[2019-04-06 19:15:29,648] locator.py:63   [INFO] Locator initiation started.
[2019-04-06 19:15:29,648] locator.py:67   [INFO] Benchmark: False
[2019-04-06 19:15:29,648] locator.py:68   [INFO] Release:False
[2019-04-06 19:15:29,649] locator.py:97   [INFO] Len 0 loaded.
[2019-04-06 19:15:30,830] locator.py:107  [INFO] Setting camera parameter: Success
[2019-04-06 19:15:31,308] locator.py:112  [INFO] Attempt to read image from camera at 1 tries: Success
[2019-04-06 19:15:31,309] locator.py:120  [INFO] Locator initiation done, start main thread.
[2019-04-06 19:15:31,309] locator.py:124  [INFO] Main thread running.
[2019-04-06 19:15:48,743] locator.py:63   [INFO] Locator initiation started.
[2019-04-06 19:15:48,743] locator.py:67   [INFO] Benchmark: False
[2019-04-06 19:15:48,744] locator.py:68   [INFO] Release:False
[2019-04-06 19:15:48,744] locator.py:97   [INFO] Len 0 loaded.
[2019-04-06 19:15:49,927] locator.py:107  [INFO] Setting camera parameter: Success
[2019-04-06 19:15:50,408] locator.py:112  [INFO] Attempt to read image from camera at 1 tries: Success
[2019-04-06 19:15:50,408] locator.py:120  [INFO] Locator initiation done, start main thread.
[2019-04-06 19:15:50,409] locator.py:124  [INFO] Main thread running.
[2019-04-06 19:16:21,240] locator.py:63   [INFO] Locator initiation started.
[2019-04-06 19:16:21,241] locator.py:67   [INFO] Benchmark: False
[2019-04-06 19:16:21,241] locator.py:68   [INFO] Release:False
[2019-04-06 19:16:21,241] locator.py:97   [INFO] Len 0 loaded.
[2019-04-06 19:16:22,428] locator.py:107  [INFO] Setting camera parameter: Success
[2019-04-06 19:16:22,908] locator.py:112  [INFO] Attempt to read image from camera at 1 tries: Success
[2019-04-06 19:16:22,908] locator.py:120  [INFO] Locator initiation done, start main thread.
[2019-04-06 19:16:22,909] locator.py:124  [INFO] Main thread running.
[2019-04-06 19:17:00,830] locator.py:63   [INFO] Locator initiation started.
[2019-04-06 19:17:00,831] locator.py:67   [INFO] Benchmark: False
[2019-04-06 19:17:00,831] locator.py:68   [INFO] Release:False
[2019-04-06 19:17:00,831] locator.py:97   [INFO] Len 0 loaded.
[2019-04-06 19:17:02,016] locator.py:107  [INFO] Setting camera parameter: Success
[2019-04-06 19:17:02,499] locator.py:112  [INFO] Attempt to read image from camera at 1 tries: Success
[2019-04-06 19:17:02,499] locator.py:120  [INFO] Locator initiation done, start main thread.
[2019-04-06 19:17:02,499] locator.py:124  [INFO] Main thread running.
[2019-04-06 19:17:38,405] locator.py:63   [INFO] Locator initiation started.
[2019-04-06 19:17:38,406] locator.py:67   [INFO] Benchmark: False
[2019-04-06 19:17:38,406] locator.py:68   [INFO] Release:False
[2019-04-06 19:17:38,406] locator.py:97   [INFO] Len 0 loaded.
[2019-04-06 19:17:39,588] locator.py:107  [INFO] Setting camera parameter: Success
[2019-04-06 19:17:40,068] locator.py:112  [INFO] Attempt to read image from camera at 1 tries: Success
[2019-04-06 19:17:40,068] locator.py:120  [INFO] Locator initiation done, start main thread.
[2019-04-06 19:17:40,069] locator.py:124  [INFO] Main thread running.
[2019-04-06 19:17:51,084] locator.py:63   [INFO] Locator initiation started.
[2019-04-06 19:17:51,085] locator.py:67   [INFO] Benchmark: False
[2019-04-06 19:17:51,085] locator.py:68   [INFO] Release:False
[2019-04-06 19:17:51,085] locator.py:97   [INFO] Len 0 loaded.
[2019-04-06 19:17:52,272] locator.py:107  [INFO] Setting camera parameter: Success
[2019-04-06 19:17:52,755] locator.py:112  [INFO] Attempt to read image from camera at 1 tries: Success
[2019-04-06 19:17:52,755] locator.py:120  [INFO] Locator initiation done, start main thread.
[2019-04-06 19:17:52,755] locator.py:124  [INFO] Main thread running.
[2019-04-06 19:20:13,787] locator.py:63   [INFO] Locator initiation started.
[2019-04-06 19:20:13,787] locator.py:67   [INFO] Benchmark: False
[2019-04-06 19:20:13,788] locator.py:68   [INFO] Release:False
[2019-04-06 19:20:13,788] locator.py:97   [INFO] Len 0 loaded.
[2019-04-06 19:20:14,972] locator.py:107  [INFO] Setting camera parameter: Success
[2019-04-06 19:20:15,454] locator.py:112  [INFO] Attempt to read image from camera at 1 tries: Success
[2019-04-06 19:20:15,454] locator.py:120  [INFO] Locator initiation done, start main thread.
[2019-04-06 19:20:15,455] locator.py:124  [INFO] Main thread running.
[2019-04-06 19:20:21,537] locator.py:63   [INFO] Locator initiation started.
[2019-04-06 19:20:21,537] locator.py:67   [INFO] Benchmark: False
[2019-04-06 19:20:21,537] locator.py:68   [INFO] Release:False
[2019-04-06 19:20:21,538] locator.py:97   [INFO] Len 0 loaded.
[2019-04-06 19:20:22,720] locator.py:107  [INFO] Setting camera parameter: Success
[2019-04-06 19:20:23,201] locator.py:112  [INFO] Attempt to read image from camera at 1 tries: Success
[2019-04-06 19:20:23,201] locator.py:120  [INFO] Locator initiation done, start main thread.
[2019-04-06 19:20:23,202] locator.py:124  [INFO] Main thread running.
[2019-04-06 19:20:51,289] locator.py:63   [INFO] Locator initiation started.
[2019-04-06 19:20:51,289] locator.py:67   [INFO] Benchmark: False
[2019-04-06 19:20:51,290] locator.py:68   [INFO] Release:False
[2019-04-06 19:20:51,290] locator.py:97   [INFO] Len 0 loaded.
[2019-04-06 19:20:52,480] locator.py:107  [INFO] Setting camera parameter: Success
[2019-04-06 19:20:52,961] locator.py:112  [INFO] Attempt to read image from camera at 1 tries: Success
[2019-04-06 19:20:52,961] locator.py:120  [INFO] Locator initiation done, start main thread.
[2019-04-06 19:20:52,962] locator.py:124  [INFO] Main thread running.
[2019-04-06 19:20:59,103] locator.py:63   [INFO] Locator initiation started.
[2019-04-06 19:20:59,103] locator.py:67   [INFO] Benchmark: False
[2019-04-06 19:20:59,104] locator.py:68   [INFO] Release:False
[2019-04-06 19:20:59,104] locator.py:97   [INFO] Len 0 loaded.
[2019-04-06 19:21:00,289] locator.py:107  [INFO] Setting camera parameter: Success
[2019-04-06 19:21:00,768] locator.py:112  [INFO] Attempt to read image from camera at 1 tries: Success
[2019-04-06 19:21:00,769] locator.py:120  [INFO] Locator initiation done, start main thread.
[2019-04-06 19:21:00,769] locator.py:124  [INFO] Main thread running.
[2019-04-06 19:21:40,342] locator.py:63   [INFO] Locator initiation started.
[2019-04-06 19:21:40,342] locator.py:67   [INFO] Benchmark: False
[2019-04-06 19:21:40,342] locator.py:68   [INFO] Release:False
[2019-04-06 19:21:40,342] locator.py:97   [INFO] Len 0 loaded.
[2019-04-06 19:21:41,523] locator.py:107  [INFO] Setting camera parameter: Success
[2019-04-06 19:21:42,004] locator.py:112  [INFO] Attempt to read image from camera at 1 tries: Success
[2019-04-06 19:21:42,005] locator.py:120  [INFO] Locator initiation done, start main thread.
[2019-04-06 19:21:42,005] locator.py:124  [INFO] Main thread running.
[2019-04-06 19:21:56,802] locator.py:63   [INFO] Locator initiation started.
[2019-04-06 19:21:56,803] locator.py:67   [INFO] Benchmark: False
[2019-04-06 19:21:56,803] locator.py:68   [INFO] Release:False
[2019-04-06 19:21:56,803] locator.py:97   [INFO] Len 0 loaded.
[2019-04-06 19:21:57,988] locator.py:107  [INFO] Setting camera parameter: Success
[2019-04-06 19:21:58,465] locator.py:112  [INFO] Attempt to read image from camera at 1 tries: Success
[2019-04-06 19:21:58,465] locator.py:120  [INFO] Locator initiation done, start main thread.
[2019-04-06 19:21:58,466] locator.py:124  [INFO] Main thread running.
[2019-04-06 19:22:43,844] locator.py:63   [INFO] Locator initiation started.
[2019-04-06 19:22:43,845] locator.py:67   [INFO] Benchmark: False
[2019-04-06 19:22:43,845] locator.py:68   [INFO] Release:False
[2019-04-06 19:22:43,845] locator.py:97   [INFO] Len 0 loaded.
[2019-04-06 19:22:45,028] locator.py:107  [INFO] Setting camera parameter: Success
[2019-04-06 19:22:45,507] locator.py:112  [INFO] Attempt to read image from camera at 1 tries: Success
[2019-04-06 19:22:45,508] locator.py:120  [INFO] Locator initiation done, start main thread.
[2019-04-06 19:22:45,508] locator.py:124  [INFO] Main thread running.
[2019-04-06 19:23:31,911] locator.py:63   [INFO] Locator initiation started.
[2019-04-06 19:23:31,911] locator.py:67   [INFO] Benchmark: False
[2019-04-06 19:23:31,911] locator.py:68   [INFO] Release:False
[2019-04-06 19:23:31,911] locator.py:97   [INFO] Len 0 loaded.
[2019-04-06 19:23:33,095] locator.py:107  [INFO] Setting camera parameter: Success
[2019-04-06 19:23:33,574] locator.py:112  [INFO] Attempt to read image from camera at 1 tries: Success
[2019-04-06 19:23:33,575] locator.py:120  [INFO] Locator initiation done, start main thread.
[2019-04-06 19:23:33,575] locator.py:124  [INFO] Main thread running.
[2019-04-06 19:25:02,002] locator.py:63   [INFO] Locator initiation started.
[2019-04-06 19:25:02,002] locator.py:67   [INFO] Benchmark: False
[2019-04-06 19:25:02,002] locator.py:68   [INFO] Release:False
[2019-04-06 19:25:02,003] locator.py:97   [INFO] Len 0 loaded.
[2019-04-06 19:25:03,184] locator.py:107  [INFO] Setting camera parameter: Success
[2019-04-06 19:25:03,665] locator.py:112  [INFO] Attempt to read image from camera at 1 tries: Success
[2019-04-06 19:25:03,665] locator.py:120  [INFO] Locator initiation done, start main thread.
[2019-04-06 19:25:03,666] locator.py:124  [INFO] Main thread running.
[2019-04-06 19:25:42,806] locator.py:63   [INFO] Locator initiation started.
[2019-04-06 19:25:42,806] locator.py:67   [INFO] Benchmark: False
[2019-04-06 19:25:42,806] locator.py:68   [INFO] Release:False
[2019-04-06 19:25:42,807] locator.py:97   [INFO] Len 0 loaded.
[2019-04-06 19:25:43,989] locator.py:107  [INFO] Setting camera parameter: Success
[2019-04-06 19:25:44,470] locator.py:112  [INFO] Attempt to read image from camera at 1 tries: Success
[2019-04-06 19:25:44,471] locator.py:120  [INFO] Locator initiation done, start main thread.
[2019-04-06 19:25:44,471] locator.py:124  [INFO] Main thread running.
[2019-04-06 19:27:46,784] locator.py:63   [INFO] Locator initiation started.
[2019-04-06 19:27:46,784] locator.py:67   [INFO] Benchmark: False
[2019-04-06 19:27:46,784] locator.py:68   [INFO] Release:False
[2019-04-06 19:27:46,785] locator.py:97   [INFO] Len 0 loaded.
[2019-04-06 19:27:47,971] locator.py:107  [INFO] Setting camera parameter: Success
[2019-04-06 19:27:48,451] locator.py:112  [INFO] Attempt to read image from camera at 1 tries: Success
[2019-04-06 19:27:48,451] locator.py:120  [INFO] Locator initiation done, start main thread.
[2019-04-06 19:27:48,452] locator.py:124  [INFO] Main thread running.
[2019-04-06 19:28:09,133] locator.py:63   [INFO] Locator initiation started.
[2019-04-06 19:28:09,133] locator.py:67   [INFO] Benchmark: False
[2019-04-06 19:28:09,134] locator.py:68   [INFO] Release:False
[2019-04-06 19:28:09,134] locator.py:97   [INFO] Len 0 loaded.
[2019-04-06 19:28:10,318] locator.py:107  [INFO] Setting camera parameter: Success
[2019-04-06 19:28:10,797] locator.py:112  [INFO] Attempt to read image from camera at 1 tries: Success
[2019-04-06 19:28:10,797] locator.py:120  [INFO] Locator initiation done, start main thread.
[2019-04-06 19:28:10,797] locator.py:124  [INFO] Main thread running.
[2019-04-06 19:28:25,453] locator.py:63   [INFO] Locator initiation started.
[2019-04-06 19:28:25,454] locator.py:67   [INFO] Benchmark: False
[2019-04-06 19:28:25,454] locator.py:68   [INFO] Release:False
[2019-04-06 19:28:25,454] locator.py:97   [INFO] Len 0 loaded.
[2019-04-06 19:28:26,636] locator.py:107  [INFO] Setting camera parameter: Success
[2019-04-06 19:28:27,116] locator.py:112  [INFO] Attempt to read image from camera at 1 tries: Success
[2019-04-06 19:28:27,116] locator.py:120  [INFO] Locator initiation done, start main thread.
[2019-04-06 19:28:27,116] locator.py:124  [INFO] Main thread running.
[2019-04-06 19:28:49,437] locator.py:63   [INFO] Locator initiation started.
[2019-04-06 19:28:49,437] locator.py:67   [INFO] Benchmark: False
[2019-04-06 19:28:49,438] locator.py:68   [INFO] Release:False
[2019-04-06 19:28:49,438] locator.py:97   [INFO] Len 0 loaded.
[2019-04-06 19:28:50,620] locator.py:107  [INFO] Setting camera parameter: Success
[2019-04-06 19:28:51,102] locator.py:112  [INFO] Attempt to read image from camera at 1 tries: Success
[2019-04-06 19:28:51,102] locator.py:120  [INFO] Locator initiation done, start main thread.
[2019-04-06 19:28:51,103] locator.py:124  [INFO] Main thread running.
[2019-04-06 19:29:04,587] locator.py:63   [INFO] Locator initiation started.
[2019-04-06 19:29:04,587] locator.py:67   [INFO] Benchmark: False
[2019-04-06 19:29:04,587] locator.py:68   [INFO] Release:False
[2019-04-06 19:29:04,588] locator.py:97   [INFO] Len 0 loaded.
[2019-04-06 19:29:05,772] locator.py:107  [INFO] Setting camera parameter: Success
[2019-04-06 19:29:06,252] locator.py:112  [INFO] Attempt to read image from camera at 1 tries: Success
[2019-04-06 19:29:06,252] locator.py:120  [INFO] Locator initiation done, start main thread.
[2019-04-06 19:29:06,253] locator.py:124  [INFO] Main thread running.
[2019-04-06 19:30:53,509] locator.py:63   [INFO] Locator initiation started.
[2019-04-06 19:30:53,509] locator.py:67   [INFO] Benchmark: False
[2019-04-06 19:30:53,509] locator.py:68   [INFO] Release:False
[2019-04-06 19:30:53,509] locator.py:97   [INFO] Len 0 loaded.
[2019-04-06 19:30:54,692] locator.py:107  [INFO] Setting camera parameter: Success
[2019-04-06 19:30:55,172] locator.py:112  [INFO] Attempt to read image from camera at 1 tries: Success
[2019-04-06 19:30:55,172] locator.py:120  [INFO] Locator initiation done, start main thread.
[2019-04-06 19:30:55,173] locator.py:124  [INFO] Main thread running.
[2019-04-06 19:33:56,685] locator.py:63   [INFO] Locator initiation started.
[2019-04-06 19:33:56,685] locator.py:67   [INFO] Benchmark: False
[2019-04-06 19:33:56,686] locator.py:68   [INFO] Release:False
[2019-04-06 19:33:56,686] locator.py:97   [INFO] Len 0 loaded.
[2019-04-06 19:33:57,866] locator.py:107  [INFO] Setting camera parameter: Success
[2019-04-06 19:33:58,348] locator.py:112  [INFO] Attempt to read image from camera at 1 tries: Success
[2019-04-06 19:33:58,349] locator.py:120  [INFO] Locator initiation done, start main thread.
[2019-04-06 19:33:58,350] locator.py:124  [INFO] Main thread running.
[2019-04-06 19:44:03,124] locator.py:63   [INFO] Locator initiation started.
[2019-04-06 19:44:03,125] locator.py:67   [INFO] Benchmark: False
[2019-04-06 19:44:03,125] locator.py:68   [INFO] Release:False
[2019-04-06 19:44:03,125] locator.py:97   [INFO] Len 0 loaded.
[2019-04-06 19:44:04,308] locator.py:107  [INFO] Setting camera parameter: Success
[2019-04-06 19:44:04,788] locator.py:112  [INFO] Attempt to read image from camera at 1 tries: Success
[2019-04-06 19:44:04,788] locator.py:120  [INFO] Locator initiation done, start main thread.
[2019-04-06 19:44:04,789] locator.py:124  [INFO] Main thread running.
[2019-04-06 19:45:49,861] locator.py:63   [INFO] Locator initiation started.
[2019-04-06 19:45:49,861] locator.py:67   [INFO] Benchmark: False
[2019-04-06 19:45:49,861] locator.py:68   [INFO] Release:False
[2019-04-06 19:45:49,862] locator.py:97   [INFO] Len 0 loaded.
[2019-04-06 19:45:51,042] locator.py:107  [INFO] Setting camera parameter: Success
[2019-04-06 19:45:51,523] locator.py:112  [INFO] Attempt to read image from camera at 1 tries: Success
[2019-04-06 19:45:51,523] locator.py:120  [INFO] Locator initiation done, start main thread.
[2019-04-06 19:45:51,523] locator.py:124  [INFO] Main thread running.
[2019-04-06 19:47:47,931] locator.py:63   [INFO] Locator initiation started.
[2019-04-06 19:47:47,931] locator.py:67   [INFO] Benchmark: False
[2019-04-06 19:47:47,932] locator.py:68   [INFO] Release:False
[2019-04-06 19:47:47,932] locator.py:97   [INFO] Len 0 loaded.
[2019-04-06 19:47:49,121] locator.py:107  [INFO] Setting camera parameter: Success
[2019-04-06 19:47:49,601] locator.py:112  [INFO] Attempt to read image from camera at 1 tries: Success
[2019-04-06 19:47:49,601] locator.py:120  [INFO] Locator initiation done, start main thread.
[2019-04-06 19:47:49,602] locator.py:124  [INFO] Main thread running.
[2019-04-06 19:51:02,693] locator.py:63   [INFO] Locator initiation started.
[2019-04-06 19:51:02,694] locator.py:67   [INFO] Benchmark: False
[2019-04-06 19:51:02,694] locator.py:68   [INFO] Release:False
[2019-04-06 19:51:02,694] locator.py:97   [INFO] Len 0 loaded.
[2019-04-06 19:51:03,876] locator.py:107  [INFO] Setting camera parameter: Success
[2019-04-06 19:51:04,355] locator.py:112  [INFO] Attempt to read image from camera at 1 tries: Success
[2019-04-06 19:51:04,355] locator.py:120  [INFO] Locator initiation done, start main thread.
[2019-04-06 19:51:04,356] locator.py:124  [INFO] Main thread running.
[2019-04-06 19:52:00,976] locator.py:63   [INFO] Locator initiation started.
[2019-04-06 19:52:00,977] locator.py:67   [INFO] Benchmark: False
[2019-04-06 19:52:00,977] locator.py:68   [INFO] Release:False
[2019-04-06 19:52:00,977] locator.py:97   [INFO] Len 0 loaded.
[2019-04-06 19:52:02,159] locator.py:107  [INFO] Setting camera parameter: Success
[2019-04-06 19:52:02,642] locator.py:112  [INFO] Attempt to read image from camera at 1 tries: Success
[2019-04-06 19:52:02,642] locator.py:120  [INFO] Locator initiation done, start main thread.
[2019-04-06 19:52:02,643] locator.py:124  [INFO] Main thread running.
[2019-04-06 19:52:59,475] locator.py:63   [INFO] Locator initiation started.
[2019-04-06 19:52:59,476] locator.py:67   [INFO] Benchmark: False
[2019-04-06 19:52:59,476] locator.py:68   [INFO] Release:False
[2019-04-06 19:52:59,476] locator.py:97   [INFO] Len 0 loaded.
[2019-04-06 19:53:00,660] locator.py:107  [INFO] Setting camera parameter: Success
[2019-04-06 19:53:01,140] locator.py:112  [INFO] Attempt to read image from camera at 1 tries: Success
[2019-04-06 19:53:01,141] locator.py:120  [INFO] Locator initiation done, start main thread.
[2019-04-06 19:53:01,141] locator.py:124  [INFO] Main thread running.
[2019-04-06 19:54:46,627] locator.py:63   [INFO] Locator initiation started.
[2019-04-06 19:54:46,627] locator.py:67   [INFO] Benchmark: False
[2019-04-06 19:54:46,627] locator.py:68   [INFO] Release:False
[2019-04-06 19:54:46,627] locator.py:97   [INFO] Len 0 loaded.
[2019-04-06 19:54:47,812] locator.py:107  [INFO] Setting camera parameter: Success
[2019-04-06 19:54:48,293] locator.py:112  [INFO] Attempt to read image from camera at 1 tries: Success
[2019-04-06 19:54:48,293] locator.py:120  [INFO] Locator initiation done, start main thread.
[2019-04-06 19:54:48,294] locator.py:124  [INFO] Main thread running.
[2019-04-06 19:56:19,472] locator.py:63   [INFO] Locator initiation started.
[2019-04-06 19:56:19,472] locator.py:67   [INFO] Benchmark: False
[2019-04-06 19:56:19,472] locator.py:68   [INFO] Release:False
[2019-04-06 19:56:19,472] locator.py:97   [INFO] Len 0 loaded.
[2019-04-06 19:56:20,656] locator.py:107  [INFO] Setting camera parameter: Success
[2019-04-06 19:56:21,136] locator.py:112  [INFO] Attempt to read image from camera at 1 tries: Success
[2019-04-06 19:56:21,136] locator.py:120  [INFO] Locator initiation done, start main thread.
[2019-04-06 19:56:21,137] locator.py:124  [INFO] Main thread running.
[2019-04-06 19:56:31,435] locator.py:63   [INFO] Locator initiation started.
[2019-04-06 19:56:31,435] locator.py:67   [INFO] Benchmark: False
[2019-04-06 19:56:31,436] locator.py:68   [INFO] Release:False
[2019-04-06 19:56:31,436] locator.py:97   [INFO] Len 0 loaded.
[2019-04-06 19:56:32,619] locator.py:107  [INFO] Setting camera parameter: Success
[2019-04-06 19:56:33,099] locator.py:112  [INFO] Attempt to read image from camera at 1 tries: Success
[2019-04-06 19:56:33,100] locator.py:120  [INFO] Locator initiation done, start main thread.
[2019-04-06 19:56:33,100] locator.py:124  [INFO] Main thread running.
[2019-04-06 19:57:25,962] locator.py:63   [INFO] Locator initiation started.
[2019-04-06 19:57:25,962] locator.py:67   [INFO] Benchmark: False
[2019-04-06 19:57:25,962] locator.py:68   [INFO] Release:False
[2019-04-06 19:57:25,962] locator.py:97   [INFO] Len 0 loaded.
[2019-04-06 19:57:27,144] locator.py:107  [INFO] Setting camera parameter: Success
[2019-04-06 19:57:27,624] locator.py:112  [INFO] Attempt to read image from camera at 1 tries: Success
[2019-04-06 19:57:27,624] locator.py:120  [INFO] Locator initiation done, start main thread.
[2019-04-06 19:57:27,625] locator.py:124  [INFO] Main thread running.
[2019-04-06 19:59:54,364] locator.py:63   [INFO] Locator initiation started.
[2019-04-06 19:59:54,365] locator.py:67   [INFO] Benchmark: False
[2019-04-06 19:59:54,365] locator.py:68   [INFO] Release:False
[2019-04-06 19:59:54,365] locator.py:97   [INFO] Len 0 loaded.
[2019-04-06 19:59:55,548] locator.py:107  [INFO] Setting camera parameter: Success
[2019-04-06 19:59:56,026] locator.py:112  [INFO] Attempt to read image from camera at 1 tries: Success
[2019-04-06 19:59:56,026] locator.py:120  [INFO] Locator initiation done, start main thread.
[2019-04-06 19:59:56,027] locator.py:124  [INFO] Main thread running.
[2019-04-06 20:01:10,342] locator.py:63   [INFO] Locator initiation started.
[2019-04-06 20:01:10,342] locator.py:67   [INFO] Benchmark: False
[2019-04-06 20:01:10,342] locator.py:68   [INFO] Release:False
[2019-04-06 20:01:10,343] locator.py:97   [INFO] Len 0 loaded.
[2019-04-06 20:01:11,524] locator.py:107  [INFO] Setting camera parameter: Success
[2019-04-06 20:01:12,004] locator.py:112  [INFO] Attempt to read image from camera at 1 tries: Success
[2019-04-06 20:01:12,005] locator.py:120  [INFO] Locator initiation done, start main thread.
[2019-04-06 20:01:12,005] locator.py:124  [INFO] Main thread running.
[2019-04-06 20:03:02,160] locator.py:63   [INFO] Locator initiation started.
[2019-04-06 20:03:02,160] locator.py:67   [INFO] Benchmark: False
[2019-04-06 20:03:02,161] locator.py:68   [INFO] Release:False
[2019-04-06 20:03:02,161] locator.py:97   [INFO] Len 0 loaded.
[2019-04-06 20:03:03,344] locator.py:107  [INFO] Setting camera parameter: Success
[2019-04-06 20:03:03,825] locator.py:112  [INFO] Attempt to read image from camera at 1 tries: Success
[2019-04-06 20:03:03,825] locator.py:120  [INFO] Locator initiation done, start main thread.
[2019-04-06 20:03:03,826] locator.py:124  [INFO] Main thread running.
[2019-04-06 20:03:21,828] locator.py:63   [INFO] Locator initiation started.
[2019-04-06 20:03:21,829] locator.py:67   [INFO] Benchmark: False
[2019-04-06 20:03:21,829] locator.py:68   [INFO] Release:False
[2019-04-06 20:03:21,829] locator.py:97   [INFO] Len 0 loaded.
[2019-04-06 20:03:23,012] locator.py:107  [INFO] Setting camera parameter: Success
[2019-04-06 20:03:23,492] locator.py:112  [INFO] Attempt to read image from camera at 1 tries: Success
[2019-04-06 20:03:23,492] locator.py:120  [INFO] Locator initiation done, start main thread.
[2019-04-06 20:03:23,493] locator.py:124  [INFO] Main thread running.
[2019-04-06 20:06:57,169] locator.py:63   [INFO] Locator initiation started.
[2019-04-06 20:06:57,169] locator.py:67   [INFO] Benchmark: False
[2019-04-06 20:06:57,169] locator.py:68   [INFO] Release:False
[2019-04-06 20:06:57,169] locator.py:97   [INFO] Len 0 loaded.
[2019-04-06 20:06:58,352] locator.py:107  [INFO] Setting camera parameter: Success
[2019-04-06 20:06:58,835] locator.py:112  [INFO] Attempt to read image from camera at 1 tries: Success
[2019-04-06 20:06:58,836] locator.py:120  [INFO] Locator initiation done, start main thread.
[2019-04-06 20:06:58,836] locator.py:124  [INFO] Main thread running.
[2019-04-06 20:08:47,812] locator.py:63   [INFO] Locator initiation started.
[2019-04-06 20:08:47,812] locator.py:67   [INFO] Benchmark: False
[2019-04-06 20:08:47,812] locator.py:68   [INFO] Release:False
[2019-04-06 20:08:47,813] locator.py:97   [INFO] Len 0 loaded.
[2019-04-06 20:08:48,997] locator.py:107  [INFO] Setting camera parameter: Success
[2019-04-06 20:08:49,478] locator.py:112  [INFO] Attempt to read image from camera at 1 tries: Success
[2019-04-06 20:08:49,478] locator.py:120  [INFO] Locator initiation done, start main thread.
[2019-04-06 20:08:49,478] locator.py:124  [INFO] Main thread running.
[2019-04-06 20:09:16,434] locator.py:63   [INFO] Locator initiation started.
[2019-04-06 20:09:16,434] locator.py:67   [INFO] Benchmark: False
[2019-04-06 20:09:16,435] locator.py:68   [INFO] Release:False
[2019-04-06 20:09:16,435] locator.py:97   [INFO] Len 0 loaded.
[2019-04-06 20:09:16,892] locator.py:107  [INFO] Setting camera parameter: Success
[2019-04-06 20:09:17,338] locator.py:112  [INFO] Attempt to read image from camera at 1 tries: Success
[2019-04-06 20:09:17,338] locator.py:120  [INFO] Locator initiation done, start main thread.
[2019-04-06 20:09:17,339] locator.py:124  [INFO] Main thread running.
[2019-04-06 20:10:37,962] locator.py:63   [INFO] Locator initiation started.
[2019-04-06 20:10:37,963] locator.py:67   [INFO] Benchmark: False
[2019-04-06 20:10:37,963] locator.py:68   [INFO] Release:False
[2019-04-06 20:10:37,963] locator.py:97   [INFO] Len 0 loaded.
[2019-04-06 20:10:39,148] locator.py:107  [INFO] Setting camera parameter: Success
[2019-04-06 20:10:39,628] locator.py:112  [INFO] Attempt to read image from camera at 1 tries: Success
[2019-04-06 20:10:39,629] locator.py:120  [INFO] Locator initiation done, start main thread.
[2019-04-06 20:10:39,629] locator.py:124  [INFO] Main thread running.
[2019-04-06 20:12:04,836] locator.py:63   [INFO] Locator initiation started.
[2019-04-06 20:12:04,836] locator.py:67   [INFO] Benchmark: False
[2019-04-06 20:12:04,837] locator.py:68   [INFO] Release:False
[2019-04-06 20:12:04,837] locator.py:97   [INFO] Len 0 loaded.
[2019-04-06 20:12:06,019] locator.py:107  [INFO] Setting camera parameter: Success
[2019-04-06 20:12:06,499] locator.py:112  [INFO] Attempt to read image from camera at 1 tries: Success
[2019-04-06 20:12:06,499] locator.py:120  [INFO] Locator initiation done, start main thread.
[2019-04-06 20:12:06,499] locator.py:124  [INFO] Main thread running.
[2019-04-06 20:14:34,715] locator.py:63   [INFO] Locator initiation started.
[2019-04-06 20:14:34,716] locator.py:67   [INFO] Benchmark: False
[2019-04-06 20:14:34,716] locator.py:68   [INFO] Release:False
[2019-04-06 20:14:34,716] locator.py:97   [INFO] Len 0 loaded.
[2019-04-06 20:14:35,901] locator.py:107  [INFO] Setting camera parameter: Success
[2019-04-06 20:14:36,381] locator.py:112  [INFO] Attempt to read image from camera at 1 tries: Success
[2019-04-06 20:14:36,381] locator.py:120  [INFO] Locator initiation done, start main thread.
[2019-04-06 20:14:36,382] locator.py:124  [INFO] Main thread running.
[2019-04-06 20:17:15,836] locator.py:63   [INFO] Locator initiation started.
[2019-04-06 20:17:15,836] locator.py:67   [INFO] Benchmark: False
[2019-04-06 20:17:15,837] locator.py:68   [INFO] Release:False
[2019-04-06 20:17:15,837] locator.py:97   [INFO] Len 0 loaded.
[2019-04-06 20:17:17,021] locator.py:107  [INFO] Setting camera parameter: Success
[2019-04-06 20:17:17,501] locator.py:112  [INFO] Attempt to read image from camera at 1 tries: Success
[2019-04-06 20:17:17,502] locator.py:120  [INFO] Locator initiation done, start main thread.
[2019-04-06 20:17:17,502] locator.py:124  [INFO] Main thread running.
[2019-04-06 20:18:12,686] locator.py:63   [INFO] Locator initiation started.
[2019-04-06 20:18:12,687] locator.py:67   [INFO] Benchmark: False
[2019-04-06 20:18:12,687] locator.py:68   [INFO] Release:False
[2019-04-06 20:18:12,687] locator.py:97   [INFO] Len 0 loaded.
[2019-04-06 20:18:13,872] locator.py:107  [INFO] Setting camera parameter: Success
[2019-04-06 20:18:14,353] locator.py:112  [INFO] Attempt to read image from camera at 1 tries: Success
[2019-04-06 20:18:14,354] locator.py:120  [INFO] Locator initiation done, start main thread.
[2019-04-06 20:18:14,354] locator.py:124  [INFO] Main thread running.
[2019-04-06 20:19:22,474] locator.py:63   [INFO] Locator initiation started.
[2019-04-06 20:19:22,474] locator.py:67   [INFO] Benchmark: False
[2019-04-06 20:19:22,474] locator.py:68   [INFO] Release:False
[2019-04-06 20:19:22,474] locator.py:97   [INFO] Len 0 loaded.
[2019-04-06 20:19:23,656] locator.py:107  [INFO] Setting camera parameter: Success
[2019-04-06 20:19:24,137] locator.py:112  [INFO] Attempt to read image from camera at 1 tries: Success
[2019-04-06 20:19:24,138] locator.py:120  [INFO] Locator initiation done, start main thread.
[2019-04-06 20:19:24,138] locator.py:124  [INFO] Main thread running.
